<?xml version="1.0" encoding="UTF-8"?>
<!-- Generated by org.testng.reporters.JUnitReportReporter -->
<testsuite skipped="0" hostname="LAPTOP-D0CIFDTL" name="com.api.cucumber.runner.PostTestNgRunner" tests="2" failures="0" timestamp="19 Oct 2022 10:34:43 GMT" time="0.113" errors="0">
  <testcase name="feature" time="0.101" classname="com.api.cucumber.runner.PostTestNgRunner"/>
  <testcase name="feature" time="0.012" classname="com.api.cucumber.runner.PostTestNgRunner"/>
</testsuite> <!-- com.api.cucumber.runner.PostTestNgRunner -->
